<?xml version="1.0" encoding="UTF-8"?>
<testsuites name="browse_test" time="12" tests="1" failures="0" errors="0">
   <testsuite name="browse_test" tests="1" failures="0" errors="0" time="12" timestamp="2018-06-24 14:13:14" hostname="user - mw" id="Test Suites/browse_test">
      <properties>
         <property name="deviceName" value=""/>
         <property name="devicePlatform" value=""/>
         <property name="logFolder" value="C:\\xampp\\htdocs\\selenium-tests\\tests\\mw_test\\Reports\\browse_test\\20180624_141313"/>
         <property name="logFiles" value="C:\\xampp\\htdocs\\selenium-tests\\tests\\mw_test\\Reports\\browse_test\\20180624_141313\\execution0.log"/>
         <property name="attachments" value=""/>
         <property name="hostName" value="user - mw"/>
         <property name="os" value="Windows 7 64bit"/>
         <property name="katalonVersion" value="5.4.2.1"/>
         <property name="browser" value="Firefox 60.0"/>
         <property name="hostAddress" value="192.168.56.1"/>
         <property name="sessionId" value="989bf3f1-fd85-4a9f-beec-57445ca8dfec"/>
         <property name="seleniumVersion" value="3.7.1"/>
         <property name="proxyInformation" value="ProxyInformation{proxyOption=NO_PROXY, proxyServerType=HTTP, password=, proxyServerAddress=, proxyServerPort=0}"/>
         <property name="platform" value="Windows 7"/>
      </properties>
      <testcase name="Test Cases/browse test" classname="Test Cases/browse test" status="PASSED">
         <system-out><![CDATA[2018-06-24 14:13:14 - [TEST_CASE][PASSED] - Test Cases/browse test: Test Cases/browse test

2018-06-24 14:13:15 - [TEST_STEP][PASSED] - openBrowser: Browser is opened with url: ''

2018-06-24 14:13:18 - [MESSAGE][PASSED] - Browser is opened with url: ''

2018-06-24 14:13:18 - [TEST_STEP][PASSED] - openBrowser: Browser is opened with url: ''

2018-06-24 14:13:18 - [MESSAGE][WARNING] - A browser is already opened. Closing browser and opening a new one

2018-06-24 14:13:20 - [MESSAGE][PASSED] - Browser is opened with url: ''

2018-06-24 14:13:20 - [TEST_STEP][PASSED] - navigateToUrl: Navigate to 'http://slave01.ci.microweber.com:8080/' successfully

2018-06-24 14:13:24 - [MESSAGE][PASSED] - Navigate to 'http://slave01.ci.microweber.com:8080/' successfully

2018-06-24 14:13:24 - [TEST_STEP][PASSED] - click: Object: 'Object Repository/Page_Home/a_Shop' is clicked on

2018-06-24 14:13:25 - [MESSAGE][PASSED] - Object: 'Object Repository/Page_Home/a_Shop' is clicked on

2018-06-24 14:13:25 - [TEST_STEP][PASSED] - click: Object: 'Object Repository/Page_Shop/a_Blog' is clicked on

2018-06-24 14:13:25 - [MESSAGE][PASSED] - Object: 'Object Repository/Page_Shop/a_Blog' is clicked on

2018-06-24 14:13:25 - [TEST_STEP][PASSED] - click: Object: 'Object Repository/Page_Blog/a_Gallery' is clicked on

2018-06-24 14:13:26 - [MESSAGE][PASSED] - Object: 'Object Repository/Page_Blog/a_Gallery' is clicked on

2018-06-24 14:13:26 - [TEST_STEP][PASSED] - closeBrowser: Browser is closed

2018-06-24 14:13:26 - [MESSAGE][PASSED] - Browser is closed

2018-06-24 14:13:26 - [TEST_STEP][PASSED] - closeBrowser: Browser is closed

2018-06-24 14:13:26 - [MESSAGE][PASSED] - Browser is closed]]></system-out>
         <system-err><![CDATA[]]></system-err>
      </testcase>
      <system-out><![CDATA[2018-06-24 14:13:14 - [TEST_SUITE][PASSED] - browse_test: Test Cases/browse test]]></system-out>
      <system-err><![CDATA[]]></system-err>
   </testsuite>
</testsuites>
